start loading.
load data success.
load pretrained model success
start training.
start loading.
load data success.
load pretrained model success
start training.
Epoch [1/10], Iter [10] Loss: 0.3295
Epoch [1/10], Iter [20] Loss: 0.2387
Epoch [1/10], Iter [30] Loss: 0.2184
Epoch [1/10], Iter [40] Loss: 0.1648
Epoch [1/10], Iter [50] Loss: 0.1026
Epoch [1/10], Iter [60] Loss: 0.0950
Epoch [1/10], Iter [70] Loss: 0.0889
Epoch [1/10], Iter [80] Loss: 0.0710
Epoch [1/10], Iter [90] Loss: 0.0546
Epoch [1/10], Iter [100] Loss: 0.0598
Epoch [1/10], Iter [110] Loss: 0.0469
Epoch [1/10], Iter [120] Loss: 0.0548
Epoch [1/10], Iter [130] Loss: 0.0339
Epoch [1/10], Iter [140] Loss: 0.0300
Epoch [1/10], Iter [150] Loss: 0.0318
Epoch [1/10], Iter [160] Loss: 0.0339
Epoch [1/10], Iter [170] Loss: 0.0201
Epoch [1/10], Iter [180] Loss: 0.0230
Epoch [1/10], Iter [190] Loss: 0.0191
Epoch [1/10], Iter [200] Loss: 0.0216
Epoch [1/10], Iter [210] Loss: 0.0147
Epoch [1/10], Iter [220] Loss: 0.0137
Epoch [1/10], Iter [230] Loss: 0.0215
Epoch [1/10], Iter [240] Loss: 0.0165
Epoch [1/10], Iter [250] Loss: 0.0141
Epoch [1/10], Iter [260] Loss: 0.0117
Epoch [1/10], Iter [270] Loss: 0.0139
Epoch [1/10], Iter [280] Loss: 0.0236
Epoch [1/10], Iter [290] Loss: 0.0187
Epoch [1/10], Iter [300] Loss: 0.0122
Epoch [1/10], Iter [310] Loss: 0.0150
Epoch [1/10], Iter [320] Loss: 0.0131
Epoch [1/10], Iter [330] Loss: 0.0135
Epoch [1/10], Iter [340] Loss: 0.0107
Epoch [1/10], Iter [350] Loss: 0.0106
Epoch [1/10], Iter [360] Loss: 0.0110
Epoch [1/10], Iter [370] Loss: 0.0101
Epoch [1/10], Iter [380] Loss: 0.0098
Epoch [1/10], Iter [390] Loss: 0.0174
Epoch [1/10], Iter [400] Loss: 0.0080
Epoch [1/10], Iter [410] Loss: 0.0122
Epoch [1/10], Iter [420] Loss: 0.0105
Epoch [1/10], Iter [430] Loss: 0.0104
Epoch [1/10], Iter [440] Loss: 0.0099
Epoch [1/10], Iter [450] Loss: 0.0109
Epoch [1/10], Iter [460] Loss: 0.0102
Epoch [1/10], Iter [470] Loss: 0.0110
Epoch [1/10], Iter [480] Loss: 0.0102
Epoch [1/10], Iter [490] Loss: 0.0088
Epoch [1/10], Iter [500] Loss: 0.0123
Epoch [1/10], Iter [510] Loss: 0.0094
Epoch [1/10], Iter [520] Loss: 0.0090
Epoch [1/10], Iter [530] Loss: 0.0076
Epoch [1/10], Iter [540] Loss: 0.0115
Epoch [1/10], Iter [550] Loss: 0.0117
Epoch [1/10], Iter [560] Loss: 0.0071
Epoch [1/10], Iter [570] Loss: 0.0092
Epoch [1/10], Iter [580] Loss: 0.0117
Epoch [1/10], Iter [590] Loss: 0.0096
Epoch [1/10], Iter [600] Loss: 0.0103
Epoch [1/10], Iter [610] Loss: 0.0069
Epoch [1/10], Iter [620] Loss: 0.0069
Epoch [1/10], Iter [630] Loss: 0.0093
Epoch [1/10], Iter [640] Loss: 0.0073
Epoch [1/10], Iter [650] Loss: 0.0091
Epoch [1/10], Iter [660] Loss: 0.0091
Epoch [1/10], Iter [670] Loss: 0.0078
Epoch [1/10], Iter [680] Loss: 0.0090
Epoch [1/10], Iter [690] Loss: 0.0084
Epoch [1/10], Iter [700] Loss: 0.0090
Epoch [1/10], Iter [710] Loss: 0.0090
Epoch [1/10], Iter [720] Loss: 0.0068
Epoch [1/10], Iter [730] Loss: 0.0070
Epoch [1/10], Iter [740] Loss: 0.0086
Epoch [1/10], Iter [750] Loss: 0.0063
Epoch [1/10], Iter [760] Loss: 0.0076
Epoch [1/10], Iter [770] Loss: 0.0078
Epoch [1/10], Iter [780] Loss: 0.0075
Epoch [1/10], Iter [790] Loss: 0.0064
Epoch [1/10], Iter [800] Loss: 0.0100
Epoch [1/10], Iter [810] Loss: 0.0071
Epoch [1/10], Iter [820] Loss: 0.0076
Epoch [1/10], Iter [830] Loss: 0.0067
Epoch [1/10], Iter [840] Loss: 0.0061
Epoch [1/10], Iter [850] Loss: 0.0073
Epoch [1/10], Iter [860] Loss: 0.0069
Epoch [1/10], Iter [870] Loss: 0.0081
Epoch [1/10], Iter [880] Loss: 0.0096
Epoch [1/10], Iter [890] Loss: 0.0059
Epoch [1/10], Iter [900] Loss: 0.0087
Epoch [1/10], Iter [910] Loss: 0.0062
Epoch [1/10], Iter [920] Loss: 0.0060
Epoch [1/10], Iter [930] Loss: 0.0082
Epoch [1/10], Iter [940] Loss: 0.0068
Epoch [1/10], Iter [950] Loss: 0.0063
Epoch [1/10], Iter [960] Loss: 0.0072
Epoch [1/10], Iter [970] Loss: 0.0055
Epoch [1/10], Iter [980] Loss: 0.0078
Epoch [1/10], Iter [990] Loss: 0.0066
Epoch [1/10], Iter [1000] Loss: 0.0070
Epoch [1/10], Iter [1010] Loss: 0.0097
Epoch [1/10], Iter [1020] Loss: 0.0068
Epoch [1/10], Iter [1030] Loss: 0.0058
Epoch [1/10], Iter [1040] Loss: 0.0092
Epoch [1/10], Iter [1050] Loss: 0.0054
Epoch [1/10], Iter [1060] Loss: 0.0062
Epoch [1/10], Iter [1070] Loss: 0.0073
Epoch [1/10], Iter [1080] Loss: 0.0057
Epoch [1/10], Iter [1090] Loss: 0.0066
Epoch [1/10], Iter [1100] Loss: 0.0072
Epoch [1/10], Iter [1110] Loss: 0.0067
Epoch [1/10], Iter [1120] Loss: 0.0061
Epoch [1/10], Iter [1130] Loss: 0.0081
Epoch [1/10], Iter [1140] Loss: 0.0075
Epoch [1/10], Iter [1150] Loss: 0.0078
Epoch [1/10], Iter [1160] Loss: 0.0062
Epoch [1/10], Iter [1170] Loss: 0.0059
Epoch [1/10], Iter [1180] Loss: 0.0066
Epoch [1/10], Iter [1190] Loss: 0.0073
Epoch [1/10], Iter [1200] Loss: 0.0062
Epoch [1/10], Iter [1210] Loss: 0.0054
Epoch [1/10], Iter [1220] Loss: 0.0086
Epoch [1/10], Iter [1230] Loss: 0.0056
Epoch [1/10], Iter [1240] Loss: 0.0059
Epoch [1/10], Iter [1250] Loss: 0.0064
Epoch [1/10], Iter [1260] Loss: 0.0071
Epoch [1/10], Iter [1270] Loss: 0.0082
Epoch [1/10], Iter [1280] Loss: 0.0087
Epoch [1/10], Iter [1290] Loss: 0.0060
Epoch [1/10], Iter [1300] Loss: 0.0066
Epoch [1/10], Iter [1310] Loss: 0.0059
Epoch [1/10], Iter [1320] Loss: 0.0053
Epoch [1/10], Iter [1330] Loss: 0.0058
Epoch [1/10], Iter [1340] Loss: 0.0078
Epoch [1/10], Iter [1350] Loss: 0.0056
Epoch [1/10], Iter [1360] Loss: 0.0058
Epoch [1/10], Iter [1370] Loss: 0.0057
Epoch [1/10], Iter [1380] Loss: 0.0041
Epoch [1/10], Iter [1390] Loss: 0.0052
Epoch [1/10], Iter [1400] Loss: 0.0064
Epoch [1/10], Iter [1410] Loss: 0.0050
Epoch [1/10], Iter [1420] Loss: 0.0050
Epoch [1/10], Iter [1430] Loss: 0.0068
Epoch [1/10], Iter [1440] Loss: 0.0057
Epoch [1/10], Iter [1450] Loss: 0.0067
Epoch [1/10], Iter [1460] Loss: 0.0057
Epoch [1/10], Iter [1470] Loss: 0.0080
Epoch [1/10], Iter [1480] Loss: 0.0064
Epoch [1/10], Iter [1490] Loss: 0.0070
Epoch [1/10], Iter [1500] Loss: 0.0049
Epoch [1/10], Iter [1510] Loss: 0.0060
Epoch [1/10], Iter [1520] Loss: 0.0055
Epoch [1/10], Iter [1530] Loss: 0.0057
Epoch [1/10], Iter [1540] Loss: 0.0047
Epoch [1/10], Iter [1550] Loss: 0.0074
Epoch [1/10], Iter [1560] Loss: 0.0059
Epoch [1/10], Iter [1570] Loss: 0.0061
Epoch [1/10], Iter [1580] Loss: 0.0050
Epoch [1/10], Iter [1590] Loss: 0.0058
Epoch [1/10], Iter [1600] Loss: 0.0058
Epoch [1/10], Iter [1610] Loss: 0.0055
Epoch [1/10], Iter [1620] Loss: 0.0046
Epoch [1/10], Iter [1630] Loss: 0.0060
Epoch [1/10], Iter [1640] Loss: 0.0087
Epoch [1/10], Iter [1650] Loss: 0.0060
Epoch [1/10], Iter [1660] Loss: 0.0045
Epoch [1/10], Iter [1670] Loss: 0.0058
Epoch [1/10], Iter [1680] Loss: 0.0058
Epoch [1/10], Iter [1690] Loss: 0.0080
Epoch [1/10], Iter [1700] Loss: 0.0052
Epoch [1/10], Iter [1710] Loss: 0.0041
Epoch [1/10], Iter [1720] Loss: 0.0056
Epoch [1/10], Iter [1730] Loss: 0.0055
Epoch [1/10], Iter [1740] Loss: 0.0109
Epoch [1/10], Iter [1750] Loss: 0.0058
Epoch [1/10], Iter [1760] Loss: 0.0048
Epoch [1/10], Iter [1770] Loss: 0.0081
Epoch [1/10], Iter [1780] Loss: 0.0045
Epoch [1/10], Iter [1790] Loss: 0.0065
Epoch [1/10], Iter [1800] Loss: 0.0065
Epoch [1/10], Iter [1810] Loss: 0.0058
Epoch [1/10], Iter [1820] Loss: 0.0050
Epoch [1/10], Iter [1830] Loss: 0.0071
Epoch [1/10], Iter [1840] Loss: 0.0043
Epoch [1/10], Iter [1850] Loss: 0.0060
Epoch [1/10], Iter [1860] Loss: 0.0103
Epoch [1/10], Iter [1870] Loss: 0.0055
Epoch [1/10], Iter [1880] Loss: 0.0047
Epoch [1/10], Iter [1890] Loss: 0.0060
Epoch [1/10], Iter [1900] Loss: 0.0051
Epoch [1/10], Iter [1910] Loss: 0.0055
Epoch [1/10], Iter [1920] Loss: 0.0059
Epoch [1/10], Iter [1930] Loss: 0.0055
Epoch [1/10], Iter [1940] Loss: 0.0052
Epoch [1/10], Iter [1950] Loss: 0.0043
Epoch [1/10], Iter [1960] Loss: 0.0075
Epoch [1/10], Iter [1970] Loss: 0.0045
Epoch [1/10], Iter [1980] Loss: 0.0085
Epoch [1/10], Iter [1990] Loss: 0.0049
Epoch [1/10], Iter [2000] Loss: 0.0039
Epoch [1/10], Iter [2010] Loss: 0.0066
Epoch [1/10], Iter [2020] Loss: 0.0054
Epoch [1/10], Iter [2030] Loss: 0.0043
Epoch [1/10], Iter [2040] Loss: 0.0051
Epoch [1/10], Iter [2050] Loss: 0.0074
Epoch [1/10], Iter [2060] Loss: 0.0073
Epoch [1/10], Iter [2070] Loss: 0.0053
Epoch [1/10], Iter [2080] Loss: 0.0070
Epoch [1/10], Iter [2090] Loss: 0.0098
Epoch [1/10], Iter [2100] Loss: 0.0051
Epoch [1/10], Iter [2110] Loss: 0.0059
Epoch [1/10], Iter [2120] Loss: 0.0043
Epoch [1/10], Iter [2130] Loss: 0.0036
Epoch [1/10], Iter [2140] Loss: 0.0044
Epoch [1/10], Iter [2150] Loss: 0.0071
Epoch [1/10], Iter [2160] Loss: 0.0044
Epoch [1/10], Iter [2170] Loss: 0.0051
Epoch [1/10], Iter [2180] Loss: 0.0052
Epoch [1/10], Iter [2190] Loss: 0.0062
Epoch [1/10], Iter [2200] Loss: 0.0040
Epoch [1/10], Iter [2210] Loss: 0.0049
Epoch [1/10], Iter [2220] Loss: 0.0039
Epoch [1/10], Iter [2230] Loss: 0.0049
Epoch [1/10], Iter [2240] Loss: 0.0052
Epoch [1/10], Iter [2250] Loss: 0.0073
Epoch [1/10], Iter [2260] Loss: 0.0055
Epoch [1/10], Iter [2270] Loss: 0.0047
Epoch [1/10], Iter [2280] Loss: 0.0041
Epoch [1/10], Iter [2290] Loss: 0.0061
Epoch [1/10], Iter [2300] Loss: 0.0041
Epoch [1/10], Iter [2310] Loss: 0.0035
Epoch [1/10], Iter [2320] Loss: 0.0038
Epoch [1/10], Iter [2330] Loss: 0.0056
Epoch [1/10], Iter [2340] Loss: 0.0050
Epoch [1/10], Iter [2350] Loss: 0.0037
Epoch [1/10], Iter [2360] Loss: 0.0057
Epoch [1/10], Iter [2370] Loss: 0.0047
Epoch [1/10], Iter [2380] Loss: 0.0053
Epoch [1/10], Iter [2390] Loss: 0.0040
Epoch [1/10], Iter [2400] Loss: 0.0043
Epoch [1/10], Iter [2410] Loss: 0.0068
Epoch [1/10], Iter [2420] Loss: 0.0045
Epoch [1/10], Iter [2430] Loss: 0.0044
Epoch [1/10], Iter [2440] Loss: 0.0041
Epoch [1/10], Iter [2450] Loss: 0.0033
Epoch [1/10], Iter [2460] Loss: 0.0033
Epoch [1/10], Iter [2470] Loss: 0.0064
Epoch [1/10], Iter [2480] Loss: 0.0043
Epoch [1/10], Iter [2490] Loss: 0.0051
Epoch [1/10], Iter [2500] Loss: 0.0042
Epoch [1/10], Iter [2510] Loss: 0.0042
Epoch [1/10], Iter [2520] Loss: 0.0049
Epoch [1/10], Iter [2530] Loss: 0.0067
Epoch [1/10], Iter [2540] Loss: 0.0044
Epoch [1/10], Iter [2550] Loss: 0.0049
Epoch [1/10], Iter [2560] Loss: 0.0041
Epoch [1/10], Iter [2570] Loss: 0.0041
Epoch [1/10], Iter [2580] Loss: 0.0079
Epoch [1/10], Iter [2590] Loss: 0.0045
Epoch [1/10], Iter [2600] Loss: 0.0048
Epoch [1/10], Iter [2610] Loss: 0.0050
Epoch [1/10], Iter [2620] Loss: 0.0051
Epoch [1/10], Iter [2630] Loss: 0.0043
Epoch [1/10], Iter [2640] Loss: 0.0051
Epoch [1/10], Iter [2650] Loss: 0.0048
Epoch [1/10], Iter [2660] Loss: 0.0048
Epoch [1/10], Iter [2670] Loss: 0.0043
Epoch [1/10], Iter [2680] Loss: 0.0032
Epoch [1/10], Iter [2690] Loss: 0.0043
Epoch [1/10], Iter [2700] Loss: 0.0039
Epoch [1/10], Iter [2710] Loss: 0.0038
Epoch [1/10], Iter [2720] Loss: 0.0044
Epoch [1/10], Iter [2730] Loss: 0.0044
Epoch [1/10], Iter [2740] Loss: 0.0071
Epoch [1/10], Iter [2750] Loss: 0.0039
Epoch [1/10], Iter [2760] Loss: 0.0047
Epoch [1/10], Iter [2770] Loss: 0.0043
Epoch [1/10], Iter [2780] Loss: 0.0056
Epoch [1/10], Iter [2790] Loss: 0.0034
Epoch [1/10], Iter [2800] Loss: 0.0050
Epoch [1/10], Iter [2810] Loss: 0.0047
Epoch [1/10], Iter [2820] Loss: 0.0059
Epoch [1/10], Iter [2830] Loss: 0.0050
Epoch [1/10], Iter [2840] Loss: 0.0050
Epoch [1/10], Iter [2850] Loss: 0.0093
Epoch [1/10], Iter [2860] Loss: 0.0037
Epoch [1/10], Iter [2870] Loss: 0.0042
Epoch [1/10], Iter [2880] Loss: 0.0054
Epoch [1/10], Iter [2890] Loss: 0.0077
Epoch [1/10], Iter [2900] Loss: 0.0046
Epoch [1/10], Iter [2910] Loss: 0.0039
Epoch [1/10], Iter [2920] Loss: 0.0035
Epoch [1/10], Iter [2930] Loss: 0.0039
Epoch [1/10], Iter [2940] Loss: 0.0035
Epoch [1/10], Iter [2950] Loss: 0.0044
Epoch [1/10], Iter [2960] Loss: 0.0047
Epoch [1/10], Iter [2970] Loss: 0.0042
Epoch [1/10], Iter [2980] Loss: 0.0045
Epoch [1/10], Iter [2990] Loss: 0.0055
Epoch [1/10], Iter [3000] Loss: 0.0046
Epoch [1/10], Iter [3010] Loss: 0.0060
Epoch [1/10], Iter [3020] Loss: 0.0040
Epoch [1/10], Iter [3030] Loss: 0.0041
Epoch [1/10], Iter [3040] Loss: 0.0047
Epoch [1/10], Iter [3050] Loss: 0.0050
Epoch [1/10], Iter [3060] Loss: 0.0046
Epoch [1/10], Iter [3070] Loss: 0.0062
Epoch [1/10], Iter [3080] Loss: 0.0034
Epoch [1/10], Iter [3090] Loss: 0.0055
Epoch [1/10], Iter [3100] Loss: 0.0042
Epoch [1/10], Iter [3110] Loss: 0.0045
Epoch [1/10], Iter [3120] Loss: 0.0038
Epoch [1/10], Iter [3130] Loss: 0.0042
Epoch [1/10], Iter [3140] Loss: 0.0032
Epoch [1/10], Iter [3150] Loss: 0.0044
Epoch [1/10], Iter [3160] Loss: 0.0035
Epoch [1/10], Iter [3170] Loss: 0.0041
Epoch [1/10], Iter [3180] Loss: 0.0040
Epoch [1/10], Iter [3190] Loss: 0.0044
Epoch [1/10], Iter [3200] Loss: 0.0036
Epoch [1/10], Iter [3210] Loss: 0.0036
Epoch [1/10], Iter [3220] Loss: 0.0044
Epoch [1/10], Iter [3230] Loss: 0.0066
Epoch [1/10], Iter [3240] Loss: 0.0032
Epoch [1/10], Iter [3250] Loss: 0.0032
Epoch [1/10], Iter [3260] Loss: 0.0047
Epoch [1/10], Iter [3270] Loss: 0.0034
Epoch [1/10], Iter [3280] Loss: 0.0039
Epoch [1/10], Iter [3290] Loss: 0.0031
Epoch [1/10], Iter [3300] Loss: 0.0040
Epoch [1/10], Iter [3310] Loss: 0.0036
Epoch [1/10], Iter [3320] Loss: 0.0043
Epoch [1/10], Iter [3330] Loss: 0.0040
Epoch [1/10], Iter [3340] Loss: 0.0042
Epoch [1/10], Iter [3350] Loss: 0.0036
Epoch [1/10], Iter [3360] Loss: 0.0034
Epoch [1/10], Iter [3370] Loss: 0.0035
Epoch [1/10], Iter [3380] Loss: 0.0040
Epoch [1/10], Iter [3390] Loss: 0.0030
Epoch [1/10], Iter [3400] Loss: 0.0034
Epoch [1/10], Iter [3410] Loss: 0.0035
Epoch [1/10], Iter [3420] Loss: 0.0047
Epoch [1/10], Iter [3430] Loss: 0.0047
Epoch [1/10], Iter [3440] Loss: 0.0043
Epoch [1/10], Iter [3450] Loss: 0.0048
Epoch [1/10], Iter [3460] Loss: 0.0035
Epoch [1/10], Iter [3470] Loss: 0.0040
Epoch [1/10], Iter [3480] Loss: 0.0043
Epoch [1/10], Iter [3490] Loss: 0.0038
Epoch [1/10], Iter [3500] Loss: 0.0047
Epoch [1/10], Iter [3510] Loss: 0.0032
Epoch [1/10], Iter [3520] Loss: 0.0036
Epoch [1/10], Iter [3530] Loss: 0.0061
Epoch [1/10], Iter [3540] Loss: 0.0038
Epoch [1/10], Iter [3550] Loss: 0.0038
Epoch [1/10], Iter [3560] Loss: 0.0041
Epoch [1/10], Iter [3570] Loss: 0.0043
Epoch [1/10], Iter [3580] Loss: 0.0030
Epoch [1/10], Iter [3590] Loss: 0.0033
Epoch [1/10], Iter [3600] Loss: 0.0042
Epoch [1/10], Iter [3610] Loss: 0.0033
Epoch [1/10], Iter [3620] Loss: 0.0037
Epoch [1/10], Iter [3630] Loss: 0.0061
Epoch [1/10], Iter [3640] Loss: 0.0052
Epoch [1/10], Iter [3650] Loss: 0.0058
Epoch [1/10], Iter [3660] Loss: 0.0047
Epoch [1/10], Iter [3670] Loss: 0.0042
Epoch [1/10], Iter [3680] Loss: 0.0036
Epoch [1/10], Iter [3690] Loss: 0.0054
Epoch [1/10], Iter [3700] Loss: 0.0073
Epoch [1/10], Iter [3710] Loss: 0.0085
Epoch [1/10], Iter [3720] Loss: 0.0034
Epoch [1/10], Iter [3730] Loss: 0.0039
Epoch [1/10], Iter [3740] Loss: 0.0048
Epoch [1/10], Iter [3750] Loss: 0.0030
Epoch [1/10], Iter [3760] Loss: 0.0043
Epoch [1/10], Iter [3770] Loss: 0.0035
Epoch [1/10], Iter [3780] Loss: 0.0047
Epoch [1/10], Iter [3790] Loss: 0.0034
Epoch [1/10], Iter [3800] Loss: 0.0041
Epoch [1/10], Iter [3810] Loss: 0.0036
Epoch [1/10], Iter [3820] Loss: 0.0040
Epoch [1/10], Iter [3830] Loss: 0.0038
Epoch [1/10], Iter [3840] Loss: 0.0033
Epoch [1/10], Iter [3850] Loss: 0.0049
Epoch [1/10], Iter [3860] Loss: 0.0031
Epoch [1/10], Iter [3870] Loss: 0.0035
Epoch [1/10], Iter [3880] Loss: 0.0066
Epoch [1/10], Iter [3890] Loss: 0.0035
Epoch [1/10], Iter [3900] Loss: 0.0040
Epoch [1/10], Iter [3910] Loss: 0.0053
Epoch [1/10], Iter [3920] Loss: 0.0062
Epoch [1/10], Iter [3930] Loss: 0.0037
Epoch [1/10], Iter [3940] Loss: 0.0050
Epoch [1/10], Iter [3950] Loss: 0.0034
Epoch [1/10], Iter [3960] Loss: 0.0034
Epoch [1/10], Iter [3970] Loss: 0.0032
Epoch [1/10], Iter [3980] Loss: 0.0053
Epoch [1/10], Iter [3990] Loss: 0.0038
Epoch [1/10], Iter [4000] Loss: 0.0045
Epoch [1/10], Iter [4010] Loss: 0.0049
Epoch [1/10], Iter [4020] Loss: 0.0051
Epoch [1/10], Iter [4030] Loss: 0.0049
Epoch [1/10], Iter [4040] Loss: 0.0036
Epoch [1/10], Iter [4050] Loss: 0.0038
Epoch [1/10], Iter [4060] Loss: 0.0041
Epoch [1/10], Iter [4070] Loss: 0.0063
Epoch [1/10], Iter [4080] Loss: 0.0034
Epoch [1/10], Iter [4090] Loss: 0.0051
Epoch [1/10], Iter [4100] Loss: 0.0035
Epoch [1/10], Iter [4110] Loss: 0.0035
Epoch [1/10], Iter [4120] Loss: 0.0041
Epoch [1/10], Iter [4130] Loss: 0.0031
Epoch [1/10], Iter [4140] Loss: 0.0041
Epoch [1/10], Iter [4150] Loss: 0.0049
Epoch [1/10], Iter [4160] Loss: 0.0043
Epoch [1/10], Iter [4170] Loss: 0.0040
Epoch [1/10], Iter [4180] Loss: 0.0035
Epoch [1/10], Iter [4190] Loss: 0.0041
Epoch [1/10], Iter [4200] Loss: 0.0044
Epoch [1/10], Iter [4210] Loss: 0.0041
Epoch [1/10], Iter [4220] Loss: 0.0035
Epoch [1/10], Iter [4230] Loss: 0.0046
Epoch [1/10], Iter [4240] Loss: 0.0035
Epoch [1/10], Iter [4250] Loss: 0.0042
Epoch [1/10], Iter [4260] Loss: 0.0043
Epoch [1/10], Iter [4270] Loss: 0.0038
Epoch [1/10], Iter [4280] Loss: 0.0041
Epoch [1/10], Iter [4290] Loss: 0.0031
Epoch [1/10], Iter [4300] Loss: 0.0046
Epoch [1/10], Iter [4310] Loss: 0.0045
Epoch [1/10], Iter [4320] Loss: 0.0030
Epoch [1/10], Iter [4330] Loss: 0.0031
Epoch [1/10], Iter [4340] Loss: 0.0034
Epoch [1/10], Iter [4350] Loss: 0.0030
Epoch [1/10], Iter [4360] Loss: 0.0071
Epoch [1/10], Iter [4370] Loss: 0.0038
Epoch [1/10], Iter [4380] Loss: 0.0047
Epoch [1/10], Iter [4390] Loss: 0.0041
Epoch [1/10], Iter [4400] Loss: 0.0048
Epoch [1/10], Iter [4410] Loss: 0.0037
Epoch [1/10], Iter [4420] Loss: 0.0029
Epoch [1/10], Iter [4430] Loss: 0.0033
Epoch [1/10], Iter [4440] Loss: 0.0045
Epoch [1/10], Iter [4450] Loss: 0.0044
Epoch [1/10], Iter [4460] Loss: 0.0058
Epoch [1/10], Iter [4470] Loss: 0.0042
Epoch [1/10], Iter [4480] Loss: 0.0042
Epoch [1/10], Iter [4490] Loss: 0.0032
Epoch [1/10], Iter [4500] Loss: 0.0060
Epoch [1/10], Iter [4510] Loss: 0.0032
Epoch [1/10], Iter [4520] Loss: 0.0036
Epoch [1/10], Iter [4530] Loss: 0.0030
Epoch [1/10], Iter [4540] Loss: 0.0055
Epoch [1/10], Iter [4550] Loss: 0.0040
Epoch [1/10], Iter [4560] Loss: 0.0037
Epoch [1/10], Iter [4570] Loss: 0.0028
Epoch [1/10], Iter [4580] Loss: 0.0037
Epoch [1/10], Iter [4590] Loss: 0.0038
Epoch [1/10], Iter [4600] Loss: 0.0061
Epoch [1/10], Iter [4610] Loss: 0.0037
Epoch [1/10], Iter [4620] Loss: 0.0044
Epoch [1/10], Iter [4630] Loss: 0.0045
Epoch [1/10], Iter [4640] Loss: 0.0030
Epoch [1/10], Iter [4650] Loss: 0.0038
Epoch [1/10], Iter [4660] Loss: 0.0039
Epoch [1/10], Iter [4670] Loss: 0.0044
Epoch [1/10], Iter [4680] Loss: 0.0038
Epoch [1/10], Iter [4690] Loss: 0.0040
Epoch [1/10], Iter [4700] Loss: 0.0027
Epoch [1/10], Iter [4710] Loss: 0.0034
Epoch [1/10], Iter [4720] Loss: 0.0036
Epoch [1/10], Iter [4730] Loss: 0.0040
Epoch [1/10], Iter [4740] Loss: 0.0048
Epoch [1/10], Iter [4750] Loss: 0.0030
Epoch [1/10], Iter [4760] Loss: 0.0041
Epoch [1/10], Iter [4770] Loss: 0.0031
Epoch [1/10], Iter [4780] Loss: 0.0032
Epoch [1/10], Iter [4790] Loss: 0.0043
Epoch [1/10], Iter [4800] Loss: 0.0055
Epoch [1/10], Iter [4810] Loss: 0.0032
Epoch [1/10], Iter [4820] Loss: 0.0055
Epoch [1/10], Iter [4830] Loss: 0.0031
Epoch [1/10], Iter [4840] Loss: 0.0036
Epoch [1/10], Iter [4850] Loss: 0.0048
Epoch [1/10], Iter [4860] Loss: 0.0034
Epoch [1/10], Iter [4870] Loss: 0.0041
Epoch [1/10], Iter [4880] Loss: 0.0036
Epoch [1/10], Iter [4890] Loss: 0.0045
Epoch [1/10], Iter [4900] Loss: 0.0035
Epoch [1/10], Iter [4910] Loss: 0.0049
Epoch [1/10], Iter [4920] Loss: 0.0037
Epoch [1/10], Iter [4930] Loss: 0.0037
Epoch [1/10], Iter [4940] Loss: 0.0037
Epoch [1/10], Iter [4950] Loss: 0.0071
Epoch [1/10], Iter [4960] Loss: 0.0029
Epoch [1/10], Iter [4970] Loss: 0.0043
Epoch [1/10], Iter [4980] Loss: 0.0031
Epoch [1/10], Iter [4990] Loss: 0.0039
Epoch [1/10], Iter [5000] Loss: 0.0034
Epoch [1/10], Iter [5010] Loss: 0.0032
Epoch [1/10], Iter [5020] Loss: 0.0031
Epoch [1/10], Iter [5030] Loss: 0.0039
Epoch [1/10], Iter [5040] Loss: 0.0032
Epoch [1/10], Iter [5050] Loss: 0.0040
Epoch [1/10], Iter [5060] Loss: 0.0039
Epoch [1/10], Iter [5070] Loss: 0.0032
Epoch [1/10], Iter [5080] Loss: 0.0042
Epoch [1/10], Iter [5090] Loss: 0.0049
Epoch [1/10], Iter [5100] Loss: 0.0031
Epoch [1/10], Iter [5110] Loss: 0.0036
Epoch [1/10], Iter [5120] Loss: 0.0031
Epoch [1/10], Iter [5130] Loss: 0.0034
Epoch [1/10], Iter [5140] Loss: 0.0035
Epoch [1/10], Iter [5150] Loss: 0.0043
Epoch [1/10], Iter [5160] Loss: 0.0047
Epoch [1/10], Iter [5170] Loss: 0.0042
Epoch [1/10], Iter [5180] Loss: 0.0037
Epoch [1/10], Iter [5190] Loss: 0.0041
Epoch [1/10], Iter [5200] Loss: 0.0029
Epoch [1/10], Iter [5210] Loss: 0.0034
Epoch [1/10], Iter [5220] Loss: 0.0038
Epoch [1/10], Iter [5230] Loss: 0.0031
Epoch [1/10], Iter [5240] Loss: 0.0034
Epoch [1/10], Iter [5250] Loss: 0.0034
Epoch [1/10], Iter [5260] Loss: 0.0047
Epoch [1/10], Iter [5270] Loss: 0.0037
Epoch [1/10], Iter [5280] Loss: 0.0037
Epoch [1/10], Iter [5290] Loss: 0.0035
Epoch [1/10], Iter [5300] Loss: 0.0038
Epoch [1/10], Iter [5310] Loss: 0.0038
Epoch [1/10], Iter [5320] Loss: 0.0046
Epoch [1/10], Iter [5330] Loss: 0.0032
Epoch [1/10], Iter [5340] Loss: 0.0031
Epoch [1/10], Iter [5350] Loss: 0.0046
Epoch [1/10], Iter [5360] Loss: 0.0036
Epoch [1/10], Iter [5370] Loss: 0.0048
Epoch [1/10], Iter [5380] Loss: 0.0035
Epoch [1/10], Iter [5390] Loss: 0.0031
Epoch [1/10], Iter [5400] Loss: 0.0042
Epoch [1/10], Iter [5410] Loss: 0.0042
Epoch [1/10], Iter [5420] Loss: 0.0032
Epoch [1/10], Iter [5430] Loss: 0.0032
Epoch [1/10], Iter [5440] Loss: 0.0027
Epoch [1/10], Iter [5450] Loss: 0.0031
Epoch [1/10], Iter [5460] Loss: 0.0036
Epoch [1/10], Iter [5470] Loss: 0.0038
Epoch [1/10], Iter [5480] Loss: 0.0034
Epoch [1/10], Iter [5490] Loss: 0.0044
Epoch [1/10], Iter [5500] Loss: 0.0029
Epoch [1/10], Iter [5510] Loss: 0.0032
Epoch [1/10], Iter [5520] Loss: 0.0031
Epoch [1/10], Iter [5530] Loss: 0.0028
Epoch [1/10], Iter [5540] Loss: 0.0046
Epoch [1/10], Iter [5550] Loss: 0.0034
Epoch [1/10], Iter [5560] Loss: 0.0033
Epoch [1/10], Iter [5570] Loss: 0.0040
Epoch [1/10], Iter [5580] Loss: 0.0057
Epoch [1/10], Iter [5590] Loss: 0.0032
Epoch [1/10], Iter [5600] Loss: 0.0036
Epoch [1/10], Iter [5610] Loss: 0.0039
Epoch [1/10], Iter [5620] Loss: 0.0031
Epoch [1/10], Iter [5630] Loss: 0.0028
Epoch [1/10], Iter [5640] Loss: 0.0035
Epoch [1/10], Iter [5650] Loss: 0.0029
Epoch [1/10], Iter [5660] Loss: 0.0043
Epoch [1/10], Iter [5670] Loss: 0.0032
Epoch [1/10], Iter [5680] Loss: 0.0035
Epoch [1/10], Iter [5690] Loss: 0.0033
Epoch [1/10], Iter [5700] Loss: 0.0043
Epoch [1/10], Iter [5710] Loss: 0.0033
Epoch [1/10], Iter [5720] Loss: 0.0036
Epoch [1/10], Iter [5730] Loss: 0.0034
Epoch [1/10], Iter [5740] Loss: 0.0026
Epoch [1/10], Iter [5750] Loss: 0.0043
Epoch [1/10], Iter [5760] Loss: 0.0044
Epoch [1/10], Iter [5770] Loss: 0.0029
Epoch [1/10], Iter [5780] Loss: 0.0036
Epoch [1/10], Iter [5790] Loss: 0.0034
Epoch [1/10], Iter [5800] Loss: 0.0029
Epoch [1/10], Iter [5810] Loss: 0.0033
Epoch [1/10], Iter [5820] Loss: 0.0039
Epoch [1/10], Iter [5830] Loss: 0.0033
Epoch [1/10], Iter [5840] Loss: 0.0034
Epoch [1/10], Iter [5850] Loss: 0.0029
Epoch [1/10], Iter [5860] Loss: 0.0028
Epoch [1/10], Iter [5870] Loss: 0.0028
Epoch [1/10], Iter [5880] Loss: 0.0027
Epoch [1/10], Iter [5890] Loss: 0.0026
Epoch [1/10], Iter [5900] Loss: 0.0034
Epoch [1/10], Iter [5910] Loss: 0.0030
Epoch [1/10], Iter [5920] Loss: 0.0037
Epoch [1/10], Iter [5930] Loss: 0.0030
Epoch [1/10], Iter [5940] Loss: 0.0038
Epoch [1/10], Iter [5950] Loss: 0.0026
Epoch [1/10], Iter [5960] Loss: 0.0039
Epoch [1/10], Iter [5970] Loss: 0.0031
Epoch [1/10], Iter [5980] Loss: 0.0032
Epoch [1/10], Iter [5990] Loss: 0.0030
Epoch [1/10], Iter [6000] Loss: 0.0035
Epoch [1/10], Iter [6010] Loss: 0.0037
Epoch [1/10], Iter [6020] Loss: 0.0032
Epoch [1/10], Iter [6030] Loss: 0.0028
Epoch [1/10], Iter [6040] Loss: 0.0044
Epoch [1/10], Iter [6050] Loss: 0.0036
Epoch [1/10], Iter [6060] Loss: 0.0033
Epoch [1/10], Iter [6070] Loss: 0.0045
Epoch [1/10], Iter [6080] Loss: 0.0081
Epoch [1/10], Iter [6090] Loss: 0.0035
Epoch [1/10], Iter [6100] Loss: 0.0034
Epoch [1/10], Iter [6110] Loss: 0.0049
Epoch [1/10], Iter [6120] Loss: 0.0063
Epoch [1/10], Iter [6130] Loss: 0.0035
Epoch [1/10], Iter [6140] Loss: 0.0030
Epoch [1/10], Iter [6150] Loss: 0.0031
Epoch [1/10], Iter [6160] Loss: 0.0037
Epoch [1/10], Iter [6170] Loss: 0.0031
Epoch [1/10], Iter [6180] Loss: 0.0033
Epoch [1/10], Iter [6190] Loss: 0.0058
Epoch [1/10], Iter [6200] Loss: 0.0033
Epoch [1/10], Iter [6210] Loss: 0.0040
Epoch [1/10], Iter [6220] Loss: 0.0033
Epoch [1/10], Iter [6230] Loss: 0.0037
Epoch [1/10], Iter [6240] Loss: 0.0037
Epoch [1/10], Iter [6250] Loss: 0.0045
Epoch [1/10], Iter [6260] Loss: 0.0033
Epoch [1/10], Iter [6270] Loss: 0.0044
Epoch [1/10], Iter [6280] Loss: 0.0039
Epoch [1/10], Iter [6290] Loss: 0.0044
Epoch [1/10], Iter [6300] Loss: 0.0038
Epoch [1/10], Iter [6310] Loss: 0.0032
Epoch [1/10], Iter [6320] Loss: 0.0037
Epoch [1/10], Iter [6330] Loss: 0.0037
Epoch [1/10], Iter [6340] Loss: 0.0021
Epoch [1/10], Iter [6350] Loss: 0.0034
Epoch [1/10], Iter [6360] Loss: 0.0037
Epoch [1/10], Iter [6370] Loss: 0.0031
Epoch [1/10], Iter [6380] Loss: 0.0027
Epoch [1/10], Iter [6390] Loss: 0.0031
Epoch [1/10], Iter [6400] Loss: 0.0029
Epoch [1/10], Iter [6410] Loss: 0.0031
Epoch [1/10], Iter [6420] Loss: 0.0033
Epoch [1/10], Iter [6430] Loss: 0.0041
Epoch [1/10], Iter [6440] Loss: 0.0044
Epoch [1/10], Iter [6450] Loss: 0.0036
Epoch [1/10], Iter [6460] Loss: 0.0033
Epoch [1/10], Iter [6470] Loss: 0.0039
Epoch [1/10], Iter [6480] Loss: 0.0044
Epoch [1/10], Iter [6490] Loss: 0.0029
Epoch [1/10], Iter [6500] Loss: 0.0033
Epoch [1/10], Iter [6510] Loss: 0.0030
Epoch [1/10], Iter [6520] Loss: 0.0040
Epoch [1/10], Iter [6530] Loss: 0.0035
Epoch [1/10], Iter [6540] Loss: 0.0027
Epoch [1/10], Iter [6550] Loss: 0.0025
Epoch [1/10], Iter [6560] Loss: 0.0032
Epoch [1/10], Iter [6570] Loss: 0.0026
Epoch [1/10], Iter [6580] Loss: 0.0027
Epoch [1/10], Iter [6590] Loss: 0.0034
Epoch [1/10], Iter [6600] Loss: 0.0039
Epoch [1/10], Iter [6610] Loss: 0.0042
Epoch [1/10], Iter [6620] Loss: 0.0031
Epoch [1/10], Iter [6630] Loss: 0.0040
Epoch [1/10], Iter [6640] Loss: 0.0029
Epoch [1/10], Iter [6650] Loss: 0.0028
Epoch [1/10], Iter [6660] Loss: 0.0028
Epoch [1/10], Iter [6670] Loss: 0.0035
Epoch [1/10], Iter [6680] Loss: 0.0025
Epoch [1/10], Iter [6690] Loss: 0.0054
Epoch [1/10], Iter [6700] Loss: 0.0035
Epoch [1/10], Iter [6710] Loss: 0.0035
Epoch [1/10], Iter [6720] Loss: 0.0035
Epoch [1/10], Iter [6730] Loss: 0.0030
Epoch [1/10], Iter [6740] Loss: 0.0037
Epoch [1/10], Iter [6750] Loss: 0.0024
Epoch [1/10], Iter [6760] Loss: 0.0034
Epoch [1/10], Iter [6770] Loss: 0.0032
Epoch [1/10], Iter [6780] Loss: 0.0025
Epoch [1/10], Iter [6790] Loss: 0.0038
Epoch [1/10], Iter [6800] Loss: 0.0030
Epoch [1/10], Iter [6810] Loss: 0.0037
Epoch [1/10], Iter [6820] Loss: 0.0025
Epoch [1/10], Iter [6830] Loss: 0.0026
Epoch [1/10], Iter [6840] Loss: 0.0048
Epoch [1/10], Iter [6850] Loss: 0.0037
Epoch [1/10], Iter [6860] Loss: 0.0034
Epoch [1/10], Iter [6870] Loss: 0.0040
Epoch [1/10], Iter [6880] Loss: 0.0034
Epoch [1/10], Iter [6890] Loss: 0.0033
Epoch [1/10], Iter [6900] Loss: 0.0039
Epoch [1/10], Iter [6910] Loss: 0.0027
Epoch [1/10], Iter [6920] Loss: 0.0029
Epoch [1/10], Iter [6930] Loss: 0.0041
Epoch [1/10], Iter [6940] Loss: 0.0033
Epoch [1/10], Iter [6950] Loss: 0.0035
Epoch [1/10], Iter [6960] Loss: 0.0030
Epoch [1/10], Iter [6970] Loss: 0.0026
Epoch [1/10], Iter [6980] Loss: 0.0031
Epoch [1/10], Iter [6990] Loss: 0.0029
Epoch [1/10], Iter [7000] Loss: 0.0036
Epoch [1/10], Iter [7010] Loss: 0.0030
Epoch [1/10], Iter [7020] Loss: 0.0038
Epoch [1/10], Iter [7030] Loss: 0.0034
Epoch [1/10], Iter [7040] Loss: 0.0042
Epoch [1/10], Iter [7050] Loss: 0.0027
Epoch [1/10], Iter [7060] Loss: 0.0034
Epoch [1/10], Iter [7070] Loss: 0.0039
Epoch [1/10], Iter [7080] Loss: 0.0028
Epoch [1/10], Iter [7090] Loss: 0.0032
Epoch [1/10], Iter [7100] Loss: 0.0034
Epoch [1/10], Iter [7110] Loss: 0.0036
Epoch [1/10], Iter [7120] Loss: 0.0035
Epoch [1/10], Iter [7130] Loss: 0.0030
Epoch [1/10], Iter [7140] Loss: 0.0029
Epoch [1/10], Iter [7150] Loss: 0.0039
Epoch [1/10], Iter [7160] Loss: 0.0034
Epoch [1/10], Iter [7170] Loss: 0.0033
Epoch [1/10], Iter [7180] Loss: 0.0046
Epoch [1/10], Iter [7190] Loss: 0.0037
Epoch [1/10], Iter [7200] Loss: 0.0034
Epoch [1/10], Iter [7210] Loss: 0.0030
Epoch [1/10], Iter [7220] Loss: 0.0021
Epoch [1/10], Iter [7230] Loss: 0.0051
Epoch [1/10], Iter [7240] Loss: 0.0024
Epoch [1/10], Iter [7250] Loss: 0.0026
Epoch [1/10], Iter [7260] Loss: 0.0026
Epoch [1/10], Iter [7270] Loss: 0.0035
Epoch [1/10], Iter [7280] Loss: 0.0061
Epoch [1/10], Iter [7290] Loss: 0.0031
Epoch [1/10], Iter [7300] Loss: 0.0033
Epoch [1/10], Iter [7310] Loss: 0.0030
Epoch [1/10], Iter [7320] Loss: 0.0033
Epoch [1/10], Iter [7330] Loss: 0.0029
Epoch [1/10], Iter [7340] Loss: 0.0036
Epoch [1/10], Iter [7350] Loss: 0.0032
Epoch [1/10], Iter [7360] Loss: 0.0030
Epoch [1/10], Iter [7370] Loss: 0.0040
Epoch [1/10], Iter [7380] Loss: 0.0025
Epoch [1/10], Iter [7390] Loss: 0.0030
Epoch [2/10], Iter [10] Loss: 0.0035
Epoch [2/10], Iter [20] Loss: 0.0026
Epoch [2/10], Iter [30] Loss: 0.0025
Epoch [2/10], Iter [40] Loss: 0.0031
Epoch [2/10], Iter [50] Loss: 0.0043
Epoch [2/10], Iter [60] Loss: 0.0030
Epoch [2/10], Iter [70] Loss: 0.0032
Epoch [2/10], Iter [80] Loss: 0.0027
Epoch [2/10], Iter [90] Loss: 0.0033
Epoch [2/10], Iter [100] Loss: 0.0032
Epoch [2/10], Iter [110] Loss: 0.0030
Epoch [2/10], Iter [120] Loss: 0.0039
Epoch [2/10], Iter [130] Loss: 0.0030
Epoch [2/10], Iter [140] Loss: 0.0038
Epoch [2/10], Iter [150] Loss: 0.0030
Epoch [2/10], Iter [160] Loss: 0.0029
Epoch [2/10], Iter [170] Loss: 0.0035
Epoch [2/10], Iter [180] Loss: 0.0040
Epoch [2/10], Iter [190] Loss: 0.0034
Epoch [2/10], Iter [200] Loss: 0.0038
Epoch [2/10], Iter [210] Loss: 0.0024
Epoch [2/10], Iter [220] Loss: 0.0021
Epoch [2/10], Iter [230] Loss: 0.0043
Epoch [2/10], Iter [240] Loss: 0.0027
Epoch [2/10], Iter [250] Loss: 0.0026
Epoch [2/10], Iter [260] Loss: 0.0022
Epoch [2/10], Iter [270] Loss: 0.0028
Epoch [2/10], Iter [280] Loss: 0.0061
Epoch [2/10], Iter [290] Loss: 0.0043
Epoch [2/10], Iter [300] Loss: 0.0032
Epoch [2/10], Iter [310] Loss: 0.0034
Epoch [2/10], Iter [320] Loss: 0.0028
Epoch [2/10], Iter [330] Loss: 0.0031
Epoch [2/10], Iter [340] Loss: 0.0026
Epoch [2/10], Iter [350] Loss: 0.0031
Epoch [2/10], Iter [360] Loss: 0.0033
Epoch [2/10], Iter [370] Loss: 0.0026
Epoch [2/10], Iter [380] Loss: 0.0030
Epoch [2/10], Iter [390] Loss: 0.0037
Epoch [2/10], Iter [400] Loss: 0.0020
Epoch [2/10], Iter [410] Loss: 0.0030
Epoch [2/10], Iter [420] Loss: 0.0031
Epoch [2/10], Iter [430] Loss: 0.0030
Epoch [2/10], Iter [440] Loss: 0.0023
Epoch [2/10], Iter [450] Loss: 0.0028
Epoch [2/10], Iter [460] Loss: 0.0027
Epoch [2/10], Iter [470] Loss: 0.0030
Epoch [2/10], Iter [480] Loss: 0.0027
Epoch [2/10], Iter [490] Loss: 0.0027
Epoch [2/10], Iter [500] Loss: 0.0036
Epoch [2/10], Iter [510] Loss: 0.0033
Epoch [2/10], Iter [520] Loss: 0.0033
Epoch [2/10], Iter [530] Loss: 0.0031
Epoch [2/10], Iter [540] Loss: 0.0040
Epoch [2/10], Iter [550] Loss: 0.0028
Epoch [2/10], Iter [560] Loss: 0.0024
Epoch [2/10], Iter [570] Loss: 0.0030
Epoch [2/10], Iter [580] Loss: 0.0028
Epoch [2/10], Iter [590] Loss: 0.0031
Epoch [2/10], Iter [600] Loss: 0.0042
Epoch [2/10], Iter [610] Loss: 0.0026
Epoch [2/10], Iter [620] Loss: 0.0027
Epoch [2/10], Iter [630] Loss: 0.0023
Epoch [2/10], Iter [640] Loss: 0.0027
Epoch [2/10], Iter [650] Loss: 0.0027
Epoch [2/10], Iter [660] Loss: 0.0031
Epoch [2/10], Iter [670] Loss: 0.0026
Epoch [2/10], Iter [680] Loss: 0.0035
Epoch [2/10], Iter [690] Loss: 0.0032
Epoch [2/10], Iter [700] Loss: 0.0029
Epoch [2/10], Iter [710] Loss: 0.0035
Epoch [2/10], Iter [720] Loss: 0.0031
Epoch [2/10], Iter [730] Loss: 0.0028
Epoch [2/10], Iter [740] Loss: 0.0028
Epoch [2/10], Iter [750] Loss: 0.0025
Epoch [2/10], Iter [760] Loss: 0.0028
Epoch [2/10], Iter [770] Loss: 0.0028
Epoch [2/10], Iter [780] Loss: 0.0036
Epoch [2/10], Iter [790] Loss: 0.0040
Epoch [2/10], Iter [800] Loss: 0.0030
Epoch [2/10], Iter [810] Loss: 0.0026
Epoch [2/10], Iter [820] Loss: 0.0030
Epoch [2/10], Iter [830] Loss: 0.0028
Epoch [2/10], Iter [840] Loss: 0.0024
Epoch [2/10], Iter [850] Loss: 0.0033
Epoch [2/10], Iter [860] Loss: 0.0029
Epoch [2/10], Iter [870] Loss: 0.0039
Epoch [2/10], Iter [880] Loss: 0.0043
Epoch [2/10], Iter [890] Loss: 0.0025
Epoch [2/10], Iter [900] Loss: 0.0031
Epoch [2/10], Iter [910] Loss: 0.0026
Epoch [2/10], Iter [920] Loss: 0.0028
Epoch [2/10], Iter [930] Loss: 0.0028
Epoch [2/10], Iter [940] Loss: 0.0025
Epoch [2/10], Iter [950] Loss: 0.0032
Epoch [2/10], Iter [960] Loss: 0.0032
Epoch [2/10], Iter [970] Loss: 0.0023
Epoch [2/10], Iter [980] Loss: 0.0036
Epoch [2/10], Iter [990] Loss: 0.0029
Epoch [2/10], Iter [1000] Loss: 0.0032
Epoch [2/10], Iter [1010] Loss: 0.0031
Epoch [2/10], Iter [1020] Loss: 0.0030
Epoch [2/10], Iter [1030] Loss: 0.0024
Epoch [2/10], Iter [1040] Loss: 0.0026
Epoch [2/10], Iter [1050] Loss: 0.0026
Epoch [2/10], Iter [1060] Loss: 0.0027
Epoch [2/10], Iter [1070] Loss: 0.0027
Epoch [2/10], Iter [1080] Loss: 0.0028
Epoch [2/10], Iter [1090] Loss: 0.0031
Epoch [2/10], Iter [1100] Loss: 0.0034
Epoch [2/10], Iter [1110] Loss: 0.0025
Epoch [2/10], Iter [1120] Loss: 0.0028
Epoch [2/10], Iter [1130] Loss: 0.0034
Epoch [2/10], Iter [1140] Loss: 0.0029
Epoch [2/10], Iter [1150] Loss: 0.0038
Epoch [2/10], Iter [1160] Loss: 0.0025
Epoch [2/10], Iter [1170] Loss: 0.0030
Epoch [2/10], Iter [1180] Loss: 0.0043
Epoch [2/10], Iter [1190] Loss: 0.0031
Epoch [2/10], Iter [1200] Loss: 0.0031
Epoch [2/10], Iter [1210] Loss: 0.0026
Epoch [2/10], Iter [1220] Loss: 0.0048
Epoch [2/10], Iter [1230] Loss: 0.0026
Epoch [2/10], Iter [1240] Loss: 0.0034
Epoch [2/10], Iter [1250] Loss: 0.0040
Epoch [2/10], Iter [1260] Loss: 0.0033
Epoch [2/10], Iter [1270] Loss: 0.0041
Epoch [2/10], Iter [1280] Loss: 0.0037
Epoch [2/10], Iter [1290] Loss: 0.0033
Epoch [2/10], Iter [1300] Loss: 0.0034
Epoch [2/10], Iter [1310] Loss: 0.0029
Epoch [2/10], Iter [1320] Loss: 0.0026
Epoch [2/10], Iter [1330] Loss: 0.0034
Epoch [2/10], Iter [1340] Loss: 0.0046
Epoch [2/10], Iter [1350] Loss: 0.0027
Epoch [2/10], Iter [1360] Loss: 0.0022
Epoch [2/10], Iter [1370] Loss: 0.0031
Epoch [2/10], Iter [1380] Loss: 0.0022
Epoch [2/10], Iter [1390] Loss: 0.0026
Epoch [2/10], Iter [1400] Loss: 0.0033
Epoch [2/10], Iter [1410] Loss: 0.0023
Epoch [2/10], Iter [1420] Loss: 0.0025
Epoch [2/10], Iter [1430] Loss: 0.0033
Epoch [2/10], Iter [1440] Loss: 0.0027
Epoch [2/10], Iter [1450] Loss: 0.0028
Epoch [2/10], Iter [1460] Loss: 0.0032
Epoch [2/10], Iter [1470] Loss: 0.0041
Epoch [2/10], Iter [1480] Loss: 0.0026
Epoch [2/10], Iter [1490] Loss: 0.0038
Epoch [2/10], Iter [1500] Loss: 0.0024
Epoch [2/10], Iter [1510] Loss: 0.0035
Epoch [2/10], Iter [1520] Loss: 0.0029
Epoch [2/10], Iter [1530] Loss: 0.0032
Epoch [2/10], Iter [1540] Loss: 0.0025
Epoch [2/10], Iter [1550] Loss: 0.0035
Epoch [2/10], Iter [1560] Loss: 0.0027
